2025-11-01T13:49:31+07:00 multiInsert payload: [{"rows":[{"PublishDate":"2025-11-01 13:48:31","Description":" vxzx","ExpireDate":"2026-11-01 14:48:31","ClassId":3,"NumberQuestion":2,"ExamName":"101","TeacherId":1}],"table":"exams"}]
2025-11-01T13:49:31+07:00 multiInsert payload: [{"rows":[{"PublishDate":"2025-11-01 13:48:31","ExpireDate":"2026-11-01 14:48:31","ClassId":3,"Question":"tr\u00e1i \u0111\u1ea5t h\u00ecnh g\u00ec","TestNumber":1,"TeacherId":1,"ExamId":5},{"PublishDate":"2025-11-01 13:48:31","ExpireDate":"2026-11-01 14:48:31","ClassId":3,"Question":"Bi\u1ec3n c\u00f3 m\u00e0u g\u00ec","TestNumber":2,"TeacherId":1,"ExamId":5}],"table":"questions"}]
2025-11-01T13:49:31+07:00 multiInsert payload: [{"rows":[{"Answer":"C\u1ea7u","IsCorrect":1},{"Answer":"Tr\u00f2n","IsCorrect":0},{"Answer":"Ph\u1eb3ng","IsCorrect":0},{"Answer":"V\u00f2m","IsCorrect":0},{"Answer":"Xanh","IsCorrect":0},{"Answer":"Lam","IsCorrect":1},{"Answer":"H\u1ed3ng","IsCorrect":0},{"Answer":"Kh\u00f4ng m\u00e0u","IsCorrect":0}],"table":"answers"}]
2025-11-01T14:10:31+07:00 multiInsert payload: [{"rows":[{"PublishDate":"2025-11-01 14:09:42","Description":";lokijyutrge","ExpireDate":"2025-11-03 03:09:42","ClassId":3,"NumberQuestion":2,"ExamName":"Check","TeacherId":1}],"table":"exams"}]
2025-11-01T14:10:31+07:00 multiInsert payload: [{"rows":[{"PublishDate":"2025-11-01 14:09:42","ExpireDate":"2025-11-03 03:09:42","ClassId":3,"Question":"kjyutgrvf","TestNumber":1,"TeacherId":1,"ExamId":6},{"PublishDate":"2025-11-01 14:09:42","ExpireDate":"2025-11-03 03:09:42","ClassId":3,"Question":"\u1ee5nyhbgvfds2","TestNumber":2,"TeacherId":1,"ExamId":6}],"table":"questions"}]
2025-11-01T14:10:31+07:00 multiInsert payload: [{"rows":[{"Answer":"juhytgrfdewcorect","IsCorrect":1},{"Answer":"hygtrfde","IsCorrect":0},{"Answer":"hytgrfdexw","IsCorrect":0},{"Answer":"gtrfsw","IsCorrect":0},{"Answer":"nhbgfvcd","IsCorrect":0},{"Answer":"ntbg","IsCorrect":0},{"Answer":"corec","IsCorrect":1},{"Answer":"nhbgfvcds","IsCorrect":0}],"table":"answers"}]
2025-11-01T14:17:18+07:00 multiInsert payload: [{"rows":[{"PublishDate":"2025-11-01 14:16:47","Description":" fvcxz","ExpireDate":"2025-11-03 03:16:47","ClassId":3,"NumberQuestion":2,"ExamName":"112","TeacherId":1}],"table":"exams"}]
2025-11-01T14:17:18+07:00 multiInsert payload: [{"rows":[{"PublishDate":"2025-11-01 14:16:47","ExpireDate":"2025-11-03 03:16:47","ClassId":3,"Question":"vxs","TestNumber":1,"TeacherId":1},{"PublishDate":"2025-11-01 14:16:47","ExpireDate":"2025-11-03 03:16:47","ClassId":3,"Question":"kjhgvfcdx2","TestNumber":2,"TeacherId":1}],"table":"questions"}]
2025-11-01T14:17:18+07:00 multiInsert payload: [{"rows":[{"QuestionId":142,"ExamId":7},{"QuestionId":143,"ExamId":7}],"table":"exam_questions"}]
2025-11-01T14:17:19+07:00 multiInsert payload: [{"rows":[{"Answer":"cr","IsCorrect":1,"QuestionId":142},{"Answer":" bvdcsx","IsCorrect":0,"QuestionId":142},{"Answer":"vfcdxs","IsCorrect":0,"QuestionId":142},{"Answer":"sv nbnmk.k,mhjnvfdxx","IsCorrect":0,"QuestionId":142},{"Answer":"nbgfvcdxs","IsCorrect":0,"QuestionId":143},{"Answer":"bgrvfcdxs","IsCorrect":0,"QuestionId":143},{"Answer":"=cr","IsCorrect":1,"QuestionId":143},{"Answer":"nhbgvfcdx","IsCorrect":0,"QuestionId":143}],"table":"answers"}]
2025-11-10T14:08:35+07:00 multiInsert payload: [{"rows":[{"PublishDate":"2025-11-10 14:07:57","Description":"unyfgbvcx ","ExpireDate":"2026-11-10 15:07:57","ClassId":3,"NumberQuestion":2,"PeriodId":1,"ExamName":"yhgbfvdc x","TeacherId":1}],"table":"exams"}]
2025-11-10T14:08:35+07:00 multiInsert payload: [{"rows":[{"PublishDate":"2025-11-10 14:07:57","ExpireDate":"2026-11-10 15:07:57","ClassId":3,"Question":"CHekc data","TestNumber":1,"PeriodId":1,"TeacherId":1},{"PublishDate":"2025-11-10 14:07:57","ExpireDate":"2026-11-10 15:07:57","ClassId":3,"Question":"Check D\u00e2t 2","TestNumber":2,"PeriodId":1,"TeacherId":1}],"table":"questions"}]
2025-11-10T14:08:35+07:00 multiInsert payload: [{"rows":[{"QuestionId":144,"ExamId":9},{"QuestionId":145,"ExamId":9}],"table":"exam_questions"}]
2025-11-10T14:08:35+07:00 multiInsert payload: [{"rows":[{"Answer":"CR","IsCorrect":1,"QuestionId":144},{"Answer":"bxs","IsCorrect":0,"QuestionId":144},{"Answer":"bvfcdxz","IsCorrect":0,"QuestionId":144},{"Answer":"brvfcsx","IsCorrect":0,"QuestionId":144},{"Answer":"mnjybtgvrfcedx","IsCorrect":0,"QuestionId":145},{"Answer":"kmjhnbgfvcdx","IsCorrect":0,"QuestionId":145},{"Answer":"C\u1ecfbddaCorrec","IsCorrect":1,"QuestionId":145},{"Answer":"lkimnbgvfcds","IsCorrect":0,"QuestionId":145}],"table":"answers"}]
2025-11-11T13:30:06+07:00 multiInsert payload: [{"rows":[{"PublishDate":"2025-11-11 13:28:31","Description":"nhtbrvefcdwxs","ExpireDate":"2026-11-12 00:28:31","ClassId":4,"NumberQuestion":3,"PeriodId":1,"ExamName":"123001","TeacherId":1}],"table":"exams"}]
2025-11-11T13:30:06+07:00 multiInsert payload: [{"rows":[{"PublishDate":"2025-11-11 13:28:31","ExpireDate":"2026-11-12 00:28:31","ClassId":4,"Question":"Check lop B question 1","TestNumber":1,"PeriodId":1,"TeacherId":1},{"PublishDate":"2025-11-11 13:28:31","ExpireDate":"2026-11-12 00:28:31","ClassId":4,"Question":"Check lop B question 2","TestNumber":2,"PeriodId":1,"TeacherId":1},{"PublishDate":"2025-11-11 13:28:31","ExpireDate":"2026-11-12 00:28:31","ClassId":4,"Question":"Check lop B question 3","TestNumber":3,"PeriodId":1,"TeacherId":1}],"table":"questions"}]
2025-11-11T13:30:06+07:00 multiInsert payload: [{"rows":[{"QuestionId":146,"ExamId":10},{"QuestionId":147,"ExamId":10},{"QuestionId":148,"ExamId":10}],"table":"exam_questions"}]
2025-11-11T13:30:06+07:00 multiInsert payload: [{"rows":[{"Answer":"CR","IsCorrect":1,"QuestionId":146},{"Answer":"f","IsCorrect":0,"QuestionId":146},{"Answer":"fasxc","IsCorrect":0,"QuestionId":146},{"Answer":"fbbvcx","IsCorrect":0,"QuestionId":146},{"Answer":"ewdfwsdf","IsCorrect":0,"QuestionId":147},{"Answer":"bgvfdscs","IsCorrect":0,"QuestionId":147},{"Answer":"Correct","IsCorrect":1,"QuestionId":147},{"Answer":"bvfcxsa","IsCorrect":0,"QuestionId":147},{"Answer":"ssssvfdcsx","IsCorrect":0,"QuestionId":148},{"Answer":"Correct","IsCorrect":1,"QuestionId":148},{"Answer":"vcsxwszq","IsCorrect":0,"QuestionId":148},{"Answer":"vfsaZFRED","IsCorrect":0,"QuestionId":148}],"table":"answers"}]
2025-11-13T14:27:54+07:00 multiInsert payload: []
2025-11-13T14:27:57+07:00 multiInsert payload: []
2025-11-26T12:51:25+07:00 multiInsert payload: [{"rows":[{"ClassId":1,"TeacherId":1,"EnrollDate":"2025-11-26T12:51:25.420676600"}],"table":"teacher_class"}]
2025-11-26T12:55:16+07:00 multiInsert payload: [{"rows":[{"ClassId":1,"EnrollDate":"2025-11-26T12:55:16.611571800","StudentId":1}],"table":"student_class"}]
2025-11-26T13:44:36+07:00 multiInsert payload: [{"rows":[{"PublishDate":"2025-11-26 13:39:40","Description":"Check test for class A","ExpireDate":"2026-11-26 14:39:40","ClassId":1,"NumberQuestion":2,"PeriodId":1,"ExamName":"11015500","TeacherId":1}],"table":"exams"}]
2025-11-26T13:44:36+07:00 multiInsert payload: [{"rows":[{"PublishDate":"2025-11-26 13:39:40","ExpireDate":"2026-11-26 14:39:40","ClassId":1,"Question":"Which is dev language?","TestNumber":1,"PeriodId":1,"TeacherId":1},{"PublishDate":"2025-11-26 13:39:40","ExpireDate":"2026-11-26 14:39:40","ClassId":1,"Question":"How can show \"hello word\" in java","TestNumber":2,"PeriodId":1,"TeacherId":1}],"table":"questions"}]
2025-11-26T13:44:36+07:00 multiInsert payload: [{"rows":[{"QuestionId":1,"ExamId":1},{"QuestionId":2,"ExamId":1}],"table":"exam_questions"}]
2025-11-26T13:44:36+07:00 multiInsert payload: [{"rows":[{"Answer":"English","IsCorrect":0,"QuestionId":1},{"Answer":"Python","IsCorrect":1,"QuestionId":1},{"Answer":"Japanese","IsCorrect":0,"QuestionId":1},{"Answer":"Vietnamese","IsCorrect":0,"QuestionId":1},{"Answer":"echo","IsCorrect":0,"QuestionId":2},{"Answer":"sysout","IsCorrect":1,"QuestionId":2},{"Answer":"print","IsCorrect":0,"QuestionId":2},{"Answer":"bla bla","IsCorrect":0,"QuestionId":2}],"table":"answers"}]
2025-11-26T13:57:51+07:00 multiInsert payload: [{"rows":[{"PublishDate":"2025-11-26 13:39:40","Description":"Check test for class Num 02","ExpireDate":"2026-11-26 14:39:40","ClassId":1,"NumberQuestion":2,"PeriodId":2,"ExamName":"110055333","TeacherId":1}],"table":"exams"}]
2025-11-26T13:57:51+07:00 multiInsert payload: [{"rows":[{"PublishDate":"2025-11-26 13:39:40","ExpireDate":"2026-11-26 14:39:40","ClassId":1,"Question":"Which is dev language?","TestNumber":1,"PeriodId":2,"TeacherId":1},{"PublishDate":"2025-11-26 13:39:40","ExpireDate":"2026-11-26 14:39:40","ClassId":1,"Question":"How can show \"hello word\" in java","TestNumber":2,"PeriodId":2,"TeacherId":1}],"table":"questions"}]
2025-11-26T13:57:52+07:00 multiInsert payload: [{"rows":[{"QuestionId":3,"ExamId":2},{"QuestionId":4,"ExamId":2}],"table":"exam_questions"}]
2025-11-26T13:57:52+07:00 multiInsert payload: [{"rows":[{"Answer":"English","IsCorrect":0,"QuestionId":3},{"Answer":"Java","IsCorrect":1,"QuestionId":3},{"Answer":"Japanese","IsCorrect":0,"QuestionId":3},{"Answer":"Vietnamese","IsCorrect":0,"QuestionId":3},{"Answer":"echo","IsCorrect":0,"QuestionId":4},{"Answer":"sysout","IsCorrect":1,"QuestionId":4},{"Answer":"Say hello","IsCorrect":0,"QuestionId":4},{"Answer":"bla bla","IsCorrect":0,"QuestionId":4}],"table":"answers"}]
2025-11-26T14:46:29+07:00 multiInsert payload: []
2025-11-26T14:48:10+07:00 multiInsert payload: []
2025-11-26T14:53:03+07:00 multiInsert payload: []
2025-11-26T14:54:22+07:00 multiInsert payload: []
2025-11-26T14:58:48+07:00 multiInsert payload: [{"rows":[{"PublishDate":"2025-11-26 14:55:00","Description":"","ExpireDate":"2025-11-26 16:55:00","ClassId":1,"NumberQuestion":10,"PeriodId":1,"CreateDate":"2025-11-26 14:58:48","TeacherId":1,"TimeLimit":120,"Name":"10G"}],"table":"exams"}]
2025-11-26T15:00:54+07:00 multiInsert payload: [{"rows":[{"PublishDate":"2025-11-26 15:00:00","Description":"Check des","ExpireDate":"2025-11-29 17:00:00","ClassId":1,"NumberQuestion":10,"PeriodId":1,"ExamName":"New Test","CreateDate":"2025-11-26 15:00:54","TeacherId":1,"TimeLimit":120}],"table":"exams"}]
2025-11-26T17:04:25+07:00 multiInsert payload: [{"rows":[{"PublishDate":"2025-11-26 17:03:58","Description":"nfvkjdna","ExpireDate":"2025-11-26 21:03:58","ClassId":3,"NumberQuestion":2,"PeriodId":1,"ExamName":"123","TeacherId":1}],"table":"exams"}]
2025-11-26T17:04:25+07:00 multiInsert payload: [{"rows":[{"PublishDate":"2025-11-26 17:03:58","ExpireDate":"2025-11-26 21:03:58","ClassId":3,"Question":"1A","TestNumber":1,"PeriodId":1,"TeacherId":1},{"PublishDate":"2025-11-26 17:03:58","ExpireDate":"2025-11-26 21:03:58","ClassId":3,"Question":"1B","TestNumber":2,"PeriodId":1,"TeacherId":1}],"table":"questions"}]
2025-11-26T17:04:25+07:00 multiInsert payload: [{"rows":[{"QuestionId":149,"ExamId":11},{"QuestionId":150,"ExamId":11}],"table":"exam_questions"}]
2025-11-26T17:04:25+07:00 multiInsert payload: [{"rows":[{"Answer":"a","IsCorrect":1,"QuestionId":149},{"Answer":"c","IsCorrect":0,"QuestionId":149},{"Answer":"cdsv","IsCorrect":0,"QuestionId":149},{"Answer":"vsv","IsCorrect":0,"QuestionId":149},{"Answer":"vds","IsCorrect":1,"QuestionId":150},{"Answer":"sv","IsCorrect":0,"QuestionId":150},{"Answer":"dsvsv","IsCorrect":0,"QuestionId":150},{"Answer":"svdv","IsCorrect":0,"QuestionId":150}],"table":"answers"}]
2025-11-26T17:04:52+07:00 multiInsert payload: [{"rows":[{"PublishDate":"2025-11-26 17:03:58","Description":"nfvkjdna","ExpireDate":"2025-11-26 21:03:58","ClassId":3,"NumberQuestion":2,"PeriodId":1,"ExamName":"456","TeacherId":1}],"table":"exams"}]
2025-11-26T17:04:52+07:00 multiInsert payload: [{"rows":[{"PublishDate":"2025-11-26 17:03:58","ExpireDate":"2025-11-26 21:03:58","ClassId":3,"Question":"1A2","TestNumber":1,"PeriodId":1,"TeacherId":1},{"PublishDate":"2025-11-26 17:03:58","ExpireDate":"2025-11-26 21:03:58","ClassId":3,"Question":"1B2","TestNumber":2,"PeriodId":1,"TeacherId":1}],"table":"questions"}]
2025-11-26T17:04:52+07:00 multiInsert payload: [{"rows":[{"QuestionId":151,"ExamId":12},{"QuestionId":152,"ExamId":12}],"table":"exam_questions"}]
2025-11-26T17:04:52+07:00 multiInsert payload: [{"rows":[{"Answer":"a","IsCorrect":1,"QuestionId":151},{"Answer":"c","IsCorrect":0,"QuestionId":151},{"Answer":"cdsv","IsCorrect":0,"QuestionId":151},{"Answer":"vsv","IsCorrect":0,"QuestionId":151},{"Answer":"vds","IsCorrect":1,"QuestionId":152},{"Answer":"sv","IsCorrect":0,"QuestionId":152},{"Answer":"dsvsv","IsCorrect":0,"QuestionId":152},{"Answer":"svdv","IsCorrect":0,"QuestionId":152}],"table":"answers"}]
2025-11-26T17:17:53+07:00 multiInsert payload: [{"rows":[{"PublishDate":"2025-11-26 17:17:32","Description":"dxs","ExpireDate":"2025-11-26 23:17:32","ClassId":3,"NumberQuestion":2,"PeriodId":1,"ExamName":"123","TeacherId":1}],"table":"exams"}]
2025-11-26T17:17:53+07:00 multiInsert payload: [{"rows":[{"PublishDate":"2025-11-26 17:17:32","ExpireDate":"2025-11-26 23:17:32","ClassId":3,"Question":"1A","TestNumber":1,"PeriodId":1,"TeacherId":1},{"PublishDate":"2025-11-26 17:17:32","ExpireDate":"2025-11-26 23:17:32","ClassId":3,"Question":"1B","TestNumber":2,"PeriodId":1,"TeacherId":1}],"table":"questions"}]
2025-11-26T17:17:53+07:00 multiInsert payload: [{"rows":[{"QuestionId":149,"ExamId":11},{"QuestionId":150,"ExamId":11}],"table":"exam_questions"}]
2025-11-26T17:17:54+07:00 multiInsert payload: [{"rows":[{"Answer":"a","IsCorrect":1,"QuestionId":149},{"Answer":"vd","IsCorrect":0,"QuestionId":149},{"Answer":"cdc","IsCorrect":0,"QuestionId":149},{"Answer":"cs","IsCorrect":0,"QuestionId":149},{"Answer":"d fxvc","IsCorrect":1,"QuestionId":150},{"Answer":" vcvf vc","IsCorrect":0,"QuestionId":150},{"Answer":"vfcx","IsCorrect":0,"QuestionId":150},{"Answer":"dscx","IsCorrect":0,"QuestionId":150}],"table":"answers"}]
2025-11-26T17:18:03+07:00 multiInsert payload: [{"rows":[{"PublishDate":"2025-11-26 17:17:32","Description":"dxs","ExpireDate":"2025-11-26 23:17:32","ClassId":3,"NumberQuestion":2,"PeriodId":1,"ExamName":"456","TeacherId":1}],"table":"exams"}]
2025-11-26T17:18:03+07:00 multiInsert payload: [{"rows":[{"PublishDate":"2025-11-26 17:17:32","ExpireDate":"2025-11-26 23:17:32","ClassId":3,"Question":"1A2","TestNumber":1,"PeriodId":1,"TeacherId":1},{"PublishDate":"2025-11-26 17:17:32","ExpireDate":"2025-11-26 23:17:32","ClassId":3,"Question":"1B2","TestNumber":2,"PeriodId":1,"TeacherId":1}],"table":"questions"}]
2025-11-26T17:18:03+07:00 multiInsert payload: [{"rows":[{"QuestionId":151,"ExamId":12},{"QuestionId":152,"ExamId":12}],"table":"exam_questions"}]
2025-11-26T17:18:03+07:00 multiInsert payload: [{"rows":[{"Answer":"a","IsCorrect":1,"QuestionId":151},{"Answer":"vd","IsCorrect":0,"QuestionId":151},{"Answer":"cdc","IsCorrect":0,"QuestionId":151},{"Answer":"cs","IsCorrect":0,"QuestionId":151},{"Answer":"d fxvc","IsCorrect":1,"QuestionId":152},{"Answer":" vcvf vc","IsCorrect":0,"QuestionId":152},{"Answer":"vfcx","IsCorrect":0,"QuestionId":152},{"Answer":"dscx","IsCorrect":0,"QuestionId":152}],"table":"answers"}]
